<?xml version="1.0" encoding="UTF-8"?>
<!-- Generated by org.testng.reporters.JUnitReportReporter -->
<testsuite hostname="DESKTOP-P90V53U" failures="0" tests="1" name="org.tekarchapi.restAssured.pojo.LoginTOtekarch" time="1.664" errors="0" timestamp="2024-03-17T14:12:40 PDT" skipped="0">
  <testcase classname="org.tekarchapi.restAssured.pojo.LoginTOtekarch" name="logintoTekarchRequest" time="1.664"/>
  <system-out/>
</testsuite> <!-- org.tekarchapi.restAssured.pojo.LoginTOtekarch -->
