<?xml version="1.0" encoding="UTF-8"?>
<!-- Generated by org.testng.reporters.JUnitReportReporter -->
<testsuite hostname="DESKTOP-P90V53U" failures="0" tests="2" name="org.tekarchapi.restAssured.GetDataTest" time="7.287" errors="0" timestamp="2024-03-15T16:56:12 PDT" skipped="0">
  <testcase classname="org.tekarchapi.restAssured.GetDataTest" name="getUserData" time="5.509"/>
  <system-out/>
  <testcase classname="org.tekarchapi.restAssured.GetDataTest" name="logintoApi" time="1.778"/>
  <system-out/>
</testsuite> <!-- org.tekarchapi.restAssured.GetDataTest -->
