<?xml version="1.0" encoding="UTF-8"?>
<!-- Generated by org.testng.reporters.JUnitReportReporter -->
<testsuite hostname="DESKTOP-P90V53U" failures="0" tests="1" name="org.tekarchapi.restAssured.jsonPath_hw1" time="1.088" errors="0" timestamp="2024-03-15T19:56:25 PDT" skipped="0">
  <testcase classname="org.tekarchapi.restAssured.jsonPath_hw1" name="fileExtract" time="1.088"/>
  <system-out/>
</testsuite> <!-- org.tekarchapi.restAssured.jsonPath_hw1 -->
