<?xml version="1.0" encoding="UTF-8"?>
<!-- Generated by org.testng.reporters.JUnitReportReporter -->
<testsuite hostname="DESKTOP-P90V53U" failures="0" tests="8" name="org.tekarchapi.restAssured.tekArchAPI_crudOP" time="54.239" errors="0" timestamp="2024-03-15T22:47:40 PDT" skipped="0">
  <testcase classname="org.tekarchapi.restAssured.tekArchAPI_crudOP" name="getUserDelData" time="11.313"/>
  <system-out/>
  <testcase classname="org.tekarchapi.restAssured.tekArchAPI_crudOP" name="logintoApi" time="3.988"/>
  <system-out/>
  <testcase classname="org.tekarchapi.restAssured.tekArchAPI_crudOP" name="getUserData" time="6.638"/>
  <system-out/>
  <testcase classname="org.tekarchapi.restAssured.tekArchAPI_crudOP" name="getUserUpdData" time="11.013"/>
  <system-out/>
  <testcase classname="org.tekarchapi.restAssured.tekArchAPI_crudOP" name="addUserData" time="1.713"/>
  <system-out/>
  <testcase classname="org.tekarchapi.restAssured.tekArchAPI_crudOP" name="getUserAddData" time="14.815"/>
  <system-out/>
  <testcase classname="org.tekarchapi.restAssured.tekArchAPI_crudOP" name="deleteUserData" time="2.157"/>
  <system-out/>
  <testcase classname="org.tekarchapi.restAssured.tekArchAPI_crudOP" name="updateUserData" time="2.602"/>
  <system-out/>
</testsuite> <!-- org.tekarchapi.restAssured.tekArchAPI_crudOP -->
