<?xml version="1.0" encoding="UTF-8"?>
<!-- Generated by org.testng.reporters.JUnitReportReporter -->
<testsuite hostname="DESKTOP-P90V53U" failures="0" tests="1" name="org.tekarchapi.restAssured.DeleteDataTest" time="2.066" errors="0" timestamp="2024-03-15T16:56:52 PDT" skipped="0">
  <testcase classname="org.tekarchapi.restAssured.DeleteDataTest" name="deleteUserData" time="2.066"/>
  <system-out/>
</testsuite> <!-- org.tekarchapi.restAssured.DeleteDataTest -->
