<?xml version="1.0" encoding="UTF-8"?>
<!-- Generated by org.testng.reporters.JUnitReportReporter -->
<testsuite hostname="DESKTOP-P90V53U" failures="0" tests="1" name="org.tekarchapi.restAssured.FirstTest" time="2.171" errors="0" timestamp="2024-03-15T16:33:43 PDT" skipped="0">
  <testcase classname="org.tekarchapi.restAssured.FirstTest" name="FirstTestRequest" time="2.171"/>
  <system-out/>
</testsuite> <!-- org.tekarchapi.restAssured.FirstTest -->
