<?xml version="1.0" encoding="UTF-8"?>
<!-- Generated by org.testng.reporters.JUnitReportReporter -->
<testsuite hostname="DESKTOP-P90V53U" failures="0" tests="2" name="org.tekarchapi.restAssured.SecondTest" time="3.602" errors="0" timestamp="2024-03-15T16:34:25 PDT" skipped="0">
  <testcase classname="org.tekarchapi.restAssured.SecondTest" name="methodTwo" time="0.906"/>
  <system-out/>
  <testcase classname="org.tekarchapi.restAssured.SecondTest" name="methodOne" time="2.696"/>
  <system-out/>
</testsuite> <!-- org.tekarchapi.restAssured.SecondTest -->
