<?xml version="1.0" encoding="UTF-8"?>
<!-- Generated by org.testng.reporters.JUnitReportReporter -->
<testsuite hostname="DESKTOP-P90V53U" failures="0" tests="4" name="org.tekarchapi.restAssured.pojo.CreateDataTest" time="27.918" errors="0" timestamp="2024-03-17T17:04:48 PDT" skipped="0">
  <testcase classname="org.tekarchapi.restAssured.pojo.CreateDataTest" name="getUserData" time="15.033"/>
  <system-out/>
  <testcase classname="org.tekarchapi.restAssured.pojo.CreateDataTest" name="logintoTekarchRequest" time="1.670"/>
  <system-out/>
  <testcase classname="org.tekarchapi.restAssured.pojo.CreateDataTest" name="addUserData" time="0.299"/>
  <system-out/>
  <testcase classname="org.tekarchapi.restAssured.pojo.CreateDataTest" name="getUserDataAfterAdd" time="10.916"/>
  <system-out/>
</testsuite> <!-- org.tekarchapi.restAssured.pojo.CreateDataTest -->
