<?xml version="1.0" encoding="UTF-8"?>
<!-- Generated by org.testng.reporters.JUnitReportReporter -->
<testsuite hostname="DESKTOP-P90V53U" failures="0" tests="8" name="org.tekarchapi.restAssured.pojo.CRUDUsingPOJO" time="55.592" errors="0" timestamp="2024-03-17T18:12:37 PDT" skipped="0">
  <testcase classname="org.tekarchapi.restAssured.pojo.CRUDUsingPOJO" name="logintoTekarchRequest" time="3.912"/>
  <system-out/>
  <testcase classname="org.tekarchapi.restAssured.pojo.CRUDUsingPOJO" name="getUserData" time="7.763"/>
  <system-out/>
  <testcase classname="org.tekarchapi.restAssured.pojo.CRUDUsingPOJO" name="getUserDataAfterDel" time="9.487"/>
  <system-out/>
  <testcase classname="org.tekarchapi.restAssured.pojo.CRUDUsingPOJO" name="getUserDataAfterUpd" time="9.507"/>
  <system-out/>
  <testcase classname="org.tekarchapi.restAssured.pojo.CRUDUsingPOJO" name="deleteUserData" time="2.376"/>
  <system-out/>
  <testcase classname="org.tekarchapi.restAssured.pojo.CRUDUsingPOJO" name="addUserData" time="2.539"/>
  <system-out/>
  <testcase classname="org.tekarchapi.restAssured.pojo.CRUDUsingPOJO" name="getUserDataAfterAdd" time="14.013"/>
  <system-out/>
  <testcase classname="org.tekarchapi.restAssured.pojo.CRUDUsingPOJO" name="updateUserData" time="5.995"/>
  <system-out/>
</testsuite> <!-- org.tekarchapi.restAssured.pojo.CRUDUsingPOJO -->
