<?xml version="1.0" encoding="UTF-8"?>
<!-- Generated by org.testng.reporters.JUnitReportReporter -->
<testsuite hostname="DESKTOP-P90V53U" failures="0" tests="1" name="org.tekarchapi.restAssured.CreateDataTest" time="5.938" errors="0" timestamp="2024-03-17T17:33:33 PDT" skipped="0">
  <testcase classname="org.tekarchapi.restAssured.CreateDataTest" name="addUserData" time="5.938"/>
  <system-out/>
</testsuite> <!-- org.tekarchapi.restAssured.CreateDataTest -->
