<?xml version="1.0" encoding="UTF-8"?>
<!-- Generated by org.testng.reporters.JUnitReportReporter -->
<testsuite hostname="DESKTOP-P90V53U" failures="0" tests="1" name="org.tekarchapi.restAssured.SettingPathParam" time="2.105" errors="0" timestamp="2024-03-15T16:35:07 PDT" skipped="0">
  <testcase classname="org.tekarchapi.restAssured.SettingPathParam" name="pathParametersSetting" time="2.105"/>
  <system-out/>
</testsuite> <!-- org.tekarchapi.restAssured.SettingPathParam -->
